## VASPv5 - PBE - 400ev - 21x21x21 - NBANDSok - with SP
##          Total-energy | mag=   |  Vol-at  Vol-cub  a-cub 
    Ac :     -4.09395 eV |  0.008 |   45.50  182.00   5.67
    Ag :     -2.82730 eV |  0.000 |   18.04   72.16   4.16
    Al :     -3.74529 eV |  0.000 |   16.46   65.83   4.04
    As :     -4.10925 eV |  0.000 |   19.36   77.43   4.26
    Au :     -3.27119 eV | -0.000 |   18.17   72.69   4.17
     B :     -5.32551 eV |  0.000 |    5.89   23.56   2.87
 Ba_sv :     -1.90577 eV |  0.002 |   64.75  259.00   6.37
    Be :     -3.67257 eV | -0.000 |    7.88   31.53   3.16
    Bi :     -3.69655 eV |  0.000 |   31.71  126.83   5.02
    Br :     -0.97195 eV |  0.002 |   26.32  105.28   4.72
     C :     -4.66822 eV |  0.000 |    7.22   28.88   3.07
 Ca_pv :     -1.99221 eV |  0.002 |   42.52  170.07   5.54
    Cd :     -0.90285 eV |  0.000 |   22.50   89.99   4.48
    Ce :     -5.93421 eV |  0.000 |   26.01  104.02   4.70
    Cl :     -0.92973 eV |  0.985 |   23.65   94.62   4.56
    Co :     -7.08987 eV |  1.634 |   10.92   43.67   3.52
    Cr :     -9.11623 eV |  0.000 |   11.74   46.95   3.61
 Cs_sv :     -0.85352 eV |  0.000 |  117.15  468.61   7.77
    Cu :     -3.71827 eV | -0.001 |   12.01   48.05   3.64
  Dy_3 :     -4.58496 eV |  0.000 |   31.48  125.90   5.01
  Er_3 :     -4.53956 eV | -0.000 |   30.51  122.03   4.96
     F :     -1.21712 eV |  1.000 |    9.41   37.65   3.35
    Fe :     -8.15307 eV |  1.041 |   10.54   42.14   3.48
    Ga :     -2.90410 eV |  0.000 |   18.98   75.93   4.23
    Ge :     -4.18228 eV |  0.000 |   19.67   78.68   4.29
  Ge_d :     -4.28087 eV | -0.009 |   19.52   78.09   4.27
    Hf :     -9.88270 eV |  0.000 |   22.29   89.17   4.47
 Hf_pv :     -9.88357 eV |  0.001 |   22.50   90.02   4.48
    Hg :     -0.29096 eV | -0.000 |   32.67  130.68   5.07
  Ho_3 :     -4.55768 eV | -0.000 |   30.88  123.52   4.98
     I :     -1.03890 eV |  0.002 |   34.95  139.81   5.19
    In :     -2.55951 eV | -0.000 |   27.53  110.14   4.79
  In_d :     -2.72803 eV |  0.001 |   27.52  110.07   4.79
    Ir :     -8.85618 eV | -0.000 |   14.57   58.26   3.88
  K_sv :     -1.09079 eV | -0.032 |   73.80  295.20   6.66
    La :     -4.84373 eV |  0.000 |   36.70  146.78   5.28
    Li :     -1.90070 eV | -0.001 |   20.33   81.32   4.33
    Mg :     -1.52940 eV |  0.000 |   23.00   91.98   4.51
    Mn :     -8.94470 eV |  0.059 |   10.70   42.79   3.50
    Mo :    -10.52066 eV | -0.000 |   15.92   63.68   3.99
     N :     -3.85156 eV |  0.000 |    7.30   29.19   3.08
    Na :     -1.30808 eV |  0.001 |   36.84  147.37   5.28
 Nb_pv :     -9.77074 eV |  0.000 |   18.96   75.86   4.23
    Ni :     -5.57014 eV |  0.619 |   10.93   43.74   3.52
     O :     -2.68516 eV |  2.000 |   10.24   40.98   3.45
 Os_pv :    -11.08911 eV |  0.000 |   14.42   57.68   3.86
     P :     -4.51806 eV |  0.000 |   14.56   58.26   3.88
    Pa :     -9.49491 eV | -0.000 |   25.23  100.91   4.66
    Pb :     -3.57208 eV |  0.000 |   31.80  127.20   5.03
  Pb_d :     -3.71532 eV |  0.001 |   32.14  128.57   5.05
    Pd :     -5.18241 eV |  0.349 |   15.45   61.79   3.95
    Pr :     -6.51082 eV |  2.444 |   27.73  110.92   4.80
    Pt :     -6.05620 eV |  0.001 |   15.72   62.88   3.98
    Pu :    -13.97416 eV |  5.689 |   27.10  108.39   4.77
 Rb_pv :     -0.93244 eV | -0.000 |   90.26  361.04   7.12
    Re :    -12.35923 eV | -0.000 |   14.99   59.96   3.91
    Rh :     -7.27040 eV |  0.001 |   14.17   56.69   3.84
    Ru :     -9.09213 eV |  0.000 |   13.92   55.66   3.82
     S :     -2.83047 eV | -0.000 |   15.84   63.35   3.99
    Sb :     -3.80259 eV | -0.000 |   27.44  109.76   4.79
 Sc_sv :     -6.28493 eV | -0.000 |   24.67   98.66   4.62
    Se :     -2.76014 eV | -0.000 |   20.37   81.49   4.34
    Si :     -4.88778 eV |  0.000 |   14.45   57.82   3.87
    Sn :     -3.77740 eV |  0.000 |   27.98  111.93   4.82
  Sn_d :     -3.94289 eV |  0.000 |   28.01  112.04   4.82
 Sr_sv :     -1.67353 eV | -0.002 |   54.54  218.15   6.02
    Ta :    -11.61350 eV |  0.000 |   18.65   74.59   4.21
  Tb_3 :     -4.61569 eV | -0.000 |   31.97  127.89   5.04
    Tc :    -10.23650 eV | -0.000 |   14.54   58.15   3.87
    Te :     -2.72891 eV | -0.000 |   28.20  112.80   4.83
    Th :     -7.41242 eV |  0.000 |   32.08  128.31   5.04
    Ti :     -7.70617 eV | -0.007 |   17.11   68.43   4.09
 Ti_sv :     -7.83334 eV |  0.000 |   17.34   69.34   4.11
    Tl :     -2.22591 eV |  0.001 |   30.78  123.11   4.97
    Tm :      9.46470 eV | -0.220 |   32.28  129.13   5.05
     U :    -10.91555 eV |  1.043 |   21.75   87.01   4.43
     V :     -8.68372 eV |  0.000 |   13.65   54.61   3.79
  V_pv :     -8.83336 eV |  0.001 |   13.80   55.20   3.81
  V_sv :     -8.87266 eV |  0.001 |   13.85   55.41   3.81
     W :    -12.52493 eV | -0.000 |   16.29   65.17   4.02
  Y_sv :     -6.43768 eV |  0.000 |   32.42  129.67   5.06
    Yb :     -1.64602 eV |  0.000 |   36.94  147.76   5.29
    Zn :     -1.24391 eV |  0.000 |   15.23   60.91   3.93
    Zr :     -8.43739 eV |  0.000 |   23.26   93.05   4.53
 Zr_sv :     -8.43739 eV |  0.000 |   23.26   93.05   4.53
