## VASPv5 - PBE - 800ev - 21x21x21 - NBANDSok - with SP
##          Total-energy | mag=   |  Vol-at  Vol-cub  a-cub 
    Ac :     -4.09381 eV |  0.005 |   45.50  182.00   5.67
    Ag :     -2.82708 eV |  0.000 |   18.06   72.24   4.16
    Al :     -3.74586 eV |  0.000 |   16.46   65.83   4.04
    As :     -4.10938 eV |  0.000 |   19.36   77.43   4.26
    Au :     -3.27118 eV |  0.000 |   18.17   72.69   4.17
     B :     -5.32796 eV |  0.000 |    5.89   23.56   2.87
 Ba_sv :     -1.90595 eV |  0.000 |   64.75  259.00   6.37
    Be :     -3.67368 eV |  0.000 |    7.88   31.53   3.16
    Bi :     -3.69657 eV |  0.000 |   31.71  126.83   5.02
    Br :     -0.97216 eV |  0.002 |   26.32  105.28   4.72
     C :     -4.66417 eV |  0.000 |    7.32   29.28   3.08
 Ca_pv :     -1.98919 eV |  0.000 |   42.45  169.81   5.54
    Cd :     -0.90248 eV |  0.000 |   22.97   91.89   4.51
    Ce :     -5.93174 eV |  0.000 |   26.43  105.71   4.73
    Cl :     -0.93008 eV |  0.990 |   23.65   94.62   4.56
    Co :     -7.08980 eV |  1.634 |   10.92   43.67   3.52
    Cr :     -9.11585 eV |  0.000 |   11.75   46.99   3.61
 Cs_sv :     -0.85344 eV |  0.000 |  117.15  468.61   7.77
    Cu :     -3.71788 eV |  0.000 |   12.01   48.05   3.64
  Dy_3 :     -4.58527 eV | -0.000 |   31.48  125.90   5.01
  Er_3 :     -4.53979 eV | -0.000 |   30.47  121.88   4.96
    Eu :     -3.31370 eV |  2.749 |   37.69  150.74   5.32
     F :     -1.14393 eV |  1.000 |   10.81   43.22   3.51
    Fe :     -8.15284 eV |  1.038 |   10.54   42.14   3.48
    Ga :     -2.90416 eV |  0.000 |   18.98   75.93   4.23
    Ge :     -4.18235 eV | -0.000 |   19.67   78.68   4.29
  Ge_d :     -4.22988 eV | -0.035 |   19.55   78.22   4.28
    Hf :     -9.88265 eV | -0.000 |   22.29   89.17   4.47
 Hf_pv :     -9.88476 eV |  0.001 |   22.50   90.02   4.48
    Hg :     -0.29110 eV |  0.000 |   32.67  130.68   5.07
  Ho_3 :     -4.55799 eV |  0.000 |   30.91  123.66   4.98
     I :     -1.03885 eV |  0.000 |   34.95  139.81   5.19
    In :     -2.55959 eV |  0.000 |   27.53  110.14   4.79
  In_d :     -2.72860 eV | -0.001 |   27.49  109.94   4.79
    Ir :     -8.85663 eV |  0.000 |   14.57   58.26   3.88
  K_sv :     -1.09741 eV |  0.000 |   73.80  295.20   6.66
    La :     -4.92479 eV |  0.000 |   36.72  146.87   5.28
    Li :     -1.90099 eV |  0.000 |   20.33   81.32   4.33
    Mg :     -1.52948 eV |  0.000 |   23.00   91.98   4.51
    Mn :     -8.94466 eV |  0.007 |   10.70   42.79   3.50
    Mo :    -10.52171 eV |  0.000 |   15.92   63.68   3.99
     N :     -3.84465 eV |  0.000 |    7.59   30.36   3.12
    Na :     -1.30812 eV |  0.000 |   36.84  147.37   5.28
 Nb_pv :     -9.77205 eV |  0.000 |   18.96   75.86   4.23
    Ni :     -5.56981 eV |  0.619 |   10.93   43.74   3.52
     O :     -2.66340 eV |  2.000 |   11.21   44.85   3.55
 Os_pv :    -11.09084 eV |  0.000 |   14.42   57.68   3.86
     P :     -4.51821 eV |  0.000 |   14.56   58.26   3.88
    Pa :     -9.49586 eV |  0.000 |   25.23  100.91   4.66
    Pb :     -3.57212 eV |  0.000 |   31.80  127.20   5.03
  Pb_d :     -3.71398 eV |  0.001 |   32.22  128.87   5.05
    Pd :     -5.18288 eV |  0.350 |   15.45   61.79   3.95
    Pr :     -6.50364 eV | -2.435 |   27.80  111.20   4.81
    Pt :     -6.05701 eV |  0.002 |   15.72   62.88   3.98
    Pu :    -13.97914 eV | -5.691 |   27.12  108.49   4.77
 Rb_pv :     -0.93239 eV |  0.000 |   90.26  361.04   7.12
    Re :    -12.36143 eV |  0.000 |   15.00   59.99   3.91
    Rh :     -7.27106 eV |  0.000 |   14.17   56.69   3.84
    Ru :     -9.09223 eV |  0.000 |   13.92   55.66   3.82
     S :     -2.83032 eV | -0.000 |   15.84   63.35   3.99
    Sb :     -3.80273 eV |  0.000 |   27.44  109.76   4.79
 Sc_sv :     -6.28569 eV |  0.001 |   24.63   98.51   4.62
    Se :     -2.76037 eV | -0.000 |   20.37   81.49   4.34
    Si :     -4.88803 eV |  0.000 |   14.45   57.82   3.87
    Sn :     -3.77746 eV |  0.000 |   27.98  111.93   4.82
  Sn_d :     -3.94292 eV |  0.000 |   28.01  112.04   4.82
 Sr_sv :     -1.68129 eV |  0.001 |   54.54  218.15   6.02
    Ta :    -11.61365 eV | -0.000 |   18.65   74.59   4.21
  Tb_3 :     -4.61597 eV | -0.000 |   31.97  127.89   5.04
    Tc :    -10.23700 eV |  0.000 |   14.54   58.15   3.87
    Te :     -2.72910 eV | -0.000 |   28.20  112.80   4.83
    Th :     -7.41173 eV |  0.000 |   32.08  128.31   5.04
    Ti :     -7.70606 eV | -0.000 |   17.11   68.43   4.09
 Ti_sv :     -7.83381 eV |  0.000 |   17.32   69.30   4.11
    Tl :     -2.22611 eV |  0.000 |   30.78  123.11   4.97
    Tm :      4.73530 eV | -0.480 |   18.72   74.89   4.22
     U :    -10.91796 eV |  1.050 |   21.75   87.01   4.43
     V :     -8.68327 eV | -0.000 |   13.65   54.61   3.79
  V_pv :     -8.83593 eV |  0.001 |   13.93   55.71   3.82
  V_sv :     -8.87622 eV |  0.001 |   13.96   55.86   3.82
     W :    -12.52604 eV |  0.000 |   16.29   65.17   4.02
  Y_sv :     -6.43398 eV | -0.001 |   32.42  129.67   5.06
    Yb :     -1.65772 eV |  0.000 |   37.11  148.46   5.30
    Zn :     -1.24432 eV |  0.000 |   15.24   60.98   3.94
    Zr :     -8.43743 eV | -0.000 |   23.26   93.05   4.53
 Zr_sv :     -8.43743 eV |  0.000 |   23.26   93.05   4.53
