v5-PBE-800ev-21x21x21-NBANDSok-nomag |  elts : energy  cubic-cell-parameter  Volume
Ac : -4.093946 eV  5.667084962 182.003261721321 angs^3 mag= 0.0076 
Ag : -2.827296 eV  4.16325911 72.1606311567046 angs^3 mag= 0.0001 
Al : -3.745294 eV  4.037859262 65.8344987252084 angs^3 mag= 0.0000 
As : -4.109251 eV  4.262166312 77.4267760764801 angs^3 mag= 0.0000 
Au : -3.271190 eV  4.173340844 72.6861334710781 angs^3 mag= -0.0001 
B : -5.325510 eV  2.8669251 23.564001447133 angs^3 mag= 0.0000 
Ba_sv : -1.905769 eV  6.37435193 259.004978497596 angs^3 mag= 0.0017 
Be : -3.672569 eV  3.159310036 31.5338313990734 angs^3 mag= -0.0001 
Bi : -3.696554 eV  5.024275732 126.829533873422 angs^3 mag= 0.0000 
Br : -0.971948 eV  4.721890898 105.280477181783 angs^3 mag= 0.0018 
C : -4.668220 eV  3.067999748 28.8779233160568 angs^3 mag= 0.0000 
Ca_pv : -1.992205 eV  5.540466516 170.074421984628 angs^3 mag= 0.0022 
Cd : -0.902852 eV  4.481195804 89.9874120140052 angs^3 mag= 0.0000 
Ce : -5.934207 eV  4.703020216 104.023278357906 angs^3 mag= 0.0000 
Cl : -0.929732 eV  4.556760716 94.6168903823673 angs^3 mag= 0.9852 
Co : -7.089870 eV  3.52161341 43.6742078786416 angs^3 mag= 1.6338 
Cr : -9.116230 eV  3.607566278 46.9507956062765 angs^3 mag= 0.0004 
Cs_sv : -0.853519 eV  7.767324308 468.612982008132 angs^3 mag= 0.0000 
Cu : -3.718269 eV  3.635405848 48.0461623540771 angs^3 mag= -0.0008 
Dy_3 : -4.584962 eV  5.012024066 125.903975360865 angs^3 mag= 0.0000 
Er_3 : -4.539558 eV  4.960128702 122.033435071847 angs^3 mag= -0.0001 
Eu : 0 eV  0 0 angs^3 mag= 2.7487 
F : -1.217122 eV  3.351747392 37.6542360119524 angs^3 mag= 1.0000 
Fe : -8.153069 eV  3.480010052 42.1445572022773 angs^3 mag= 1.0412 
Ga : -2.904103 eV  4.234585218 75.9333624352612 angs^3 mag= 0.0000 
Ge : -4.182278 eV  4.285049974 78.6806019086786 angs^3 mag= 0.0000 
Hf : -9.882696 eV  4.46751615 89.165817042421 angs^3 mag= 0.0001 
Hg : -0.290962 eV  5.074635296 130.681619361634 angs^3 mag= -0.0001 
Ho_3 : -4.557681 eV  4.980159418 123.517853270192 angs^3 mag= -0.0004 
I : -1.038899 eV  5.190180908 139.812978377513 angs^3 mag= 0.0018 
In : -2.559507 eV  4.793429266 110.138452295684 angs^3 mag= -0.0002 
Ir : -8.856181 eV  3.876653522 58.2600646626841 angs^3 mag= -0.0002 
K_sv : -1.090786 eV  6.658419024 295.197970518564 angs^3 mag= -0.0322 
La : -4.843726 eV  5.27500908 146.78092984633 angs^3 mag= 0.0003 
Li : -1.900702 eV  4.332444798 81.3203264759933 angs^3 mag= -0.0007 
Mg : -1.529402 eV  4.51404941 91.9811691405939 angs^3 mag= 0.0001 
Mn : -8.944700 eV  3.497763796 42.7928719982051 angs^3 mag= 0.0587 
Mo : -10.520658 eV  3.993424624 63.6849004945444 angs^3 mag= -0.0004 
N : -3.851557 eV  3.079177862 29.1947208550913 angs^3 mag= 0.0000 
Na : -1.308080 eV  5.28210007 147.373661642783 angs^3 mag= 0.0006 
Nb_pv : -9.770743 eV  4.233201124 75.8589292445642 angs^3 mag= 0.0000 
Ni : -5.570140 eV  3.52332927 43.7380780453748 angs^3 mag= 0.6186 
O : -2.685160 eV  3.447653384 40.979890189637 angs^3 mag= 2.0000 
Os_pv : -11.089112 eV  3.863693298 57.677699995433 angs^3 mag= 0.0001 
P : -4.518059 eV  3.876643594 58.2596170566981 angs^3 mag= 0.0003 
Pa : -9.494908 eV  4.65567846 100.913422503618 angs^3 mag= -0.0003 
Pb : -3.572080 eV  5.029214914 127.203946153257 angs^3 mag= 0.0000 
Pd : -5.182414 eV  3.953441428 61.7911000264745 angs^3 mag= 0.3492 
Pr : -6.510821 eV  4.804683316 110.916026746303 angs^3 mag= 2.4439 
Pt : -6.056198 eV  3.976534756 62.8802627797336 angs^3 mag= 0.0014 
Pu : -13.974156 eV  4.767974648 108.393143797475 angs^3 mag= 5.6885 
Rb_pv : -0.932436 eV  7.12061389 361.037498405629 angs^3 mag= -0.0004 
Re : -12.359233 eV  3.91389808 59.9554320074502 angs^3 mag= -0.0001 
Rh : -7.270400 eV  3.841536494 56.6911007779817 angs^3 mag= 0.0010 
Ru : -9.092132 eV  3.818157556 55.6623498563836 angs^3 mag= 0.0002 
S : -2.830465 eV  3.986316488 63.3454357239276 angs^3 mag= -0.0001 
Sb : -3.802585 eV  4.787957806 109.761730012311 angs^3 mag= -0.0001 
Sc_sv : -6.284928 eV  4.620789676 98.6617021246679 angs^3 mag= -0.0003 
Se : -2.760143 eV  4.33551485 81.4933243535024 angs^3 mag= -0.0001 
Si : -4.887776 eV  3.86676089 57.8151892965268 angs^3 mag= 0.0000 
Sn : -3.777403 eV  4.819250448 111.92793444796 angs^3 mag= 0.0000 
Sr_sv : -1.673530 eV  6.019830816 218.14881462943 angs^3 mag= -0.0015 
Ta : -11.613500 eV  4.20955863 74.5949948022814 angs^3 mag= 0.0002 
Tb_3 : -4.615685 eV  5.03827352 127.892543000436 angs^3 mag= -0.0002 
Tc : -10.236498 eV  3.874114038 58.1456461796316 angs^3 mag= -0.0004 
Te : -2.728907 eV  4.831784646 112.803534639982 angs^3 mag= -0.0001 
Th : -7.412422 eV  5.043779778 128.312317295768 angs^3 mag= 0.0002 
Ti : -7.706175 eV  4.090310192 68.4334969490235 angs^3 mag= -0.0070 
Tl : -2.225913 eV  4.974663724 123.109391939187 angs^3 mag= 0.0009 
Tm : 9.464697 eV  5.054507238 129.132770378045 angs^3 mag= -0.2198 
U : -10.915552 eV  4.431231204 87.0108139138283 angs^3 mag= 1.0426 
V : -8.683718 eV  3.793970376 54.6112109316724 angs^3 mag= 0.0003 
W : -12.524928 eV  4.024313548 65.1741584603164 angs^3 mag= -0.0002 
Y_sv : -6.437679 eV  5.06149387 129.66899522954 angs^3 mag= 0.0001 
Yb : -1.646021 eV  5.286728554 147.761413395398 angs^3 mag= 0.0000 
Zn : -1.243905 eV  3.93450302 60.9073422401623 angs^3 mag= 0.0000 
Zr : -8.437386 eV  4.531474722 93.0504944268763 angs^3 mag= 0.0001 
