v5-PBE-800ev-21x21x21-NBANDS mag |  elts : energy  cubic-cell-parameter  Volume
Ac : -4.093811 eV  5.667084962 182.003261721321 angs^3 mag= 0.0054 
Ag : -2.827077 eV  4.16469551 72.2353471138144 angs^3 mag= 0.0000 
Al : -3.745861 eV  4.037859262 65.8344987252084 angs^3 mag= 0.0000 
As : -4.109377 eV  4.262166312 77.4267760764801 angs^3 mag= 0.0000 
Au : -3.271182 eV  4.173340844 72.6861334710781 angs^3 mag= 0.0000 
B : -5.327955 eV  2.8669251 23.564001447133 angs^3 mag= 0.0000 
Ba_sv : -1.905950 eV  6.37435193 259.004978497596 angs^3 mag= 0.0001 
Be : -3.673685 eV  3.159310036 31.5338313990734 angs^3 mag= 0.0000 
Bi : -3.696573 eV  5.024275732 126.829533873422 angs^3 mag= 0.0000 
Br : -0.972162 eV  4.721890898 105.280477181783 angs^3 mag= 0.0022 
C : -4.664172 eV  3.082095866 29.2777992669993 angs^3 mag= 0.0000 
Ca_pv : -1.989186 eV  5.537580854 169.808818866405 angs^3 mag= 0.0000 
Cd : -0.902485 eV  4.512569484 91.8907310299054 angs^3 mag= 0.0001 
Ce : -5.931740 eV  4.728332416 105.71193038521 angs^3 mag= 0.0000 
Cl : -0.930078 eV  4.556760716 94.6168903823673 angs^3 mag= 0.9900 
Co : -7.089804 eV  3.52161341 43.6742078786416 angs^3 mag= 1.6336 
Cr : -9.115850 eV  3.608473014 46.9862067458498 angs^3 mag= 0.0000 
Cs_sv : -0.853437 eV  7.767324308 468.612982008132 angs^3 mag= 0.0000 
Cu : -3.717876 eV  3.635405848 48.0461623540771 angs^3 mag= 0.0000 
Dy_3 : -4.585270 eV  5.012024066 125.903975360865 angs^3 mag= -0.0002 
Er_3 : -4.539793 eV  4.958077098 121.882071614936 angs^3 mag= -0.0002 
Eu : -3.313703 eV  5.322060096 150.743752726003 angs^3 mag= 2.7487 
F : -1.143931 eV  3.509450262 43.2232357007234 angs^3 mag= 1.0000 
Fe : -8.152838 eV  3.480010052 42.1445572022773 angs^3 mag= 1.0378 
Ga : -2.904165 eV  4.234585218 75.9333624352612 angs^3 mag= 0.0000 
Ge : -4.182354 eV  4.285049974 78.6806019086786 angs^3 mag= -0.0001 
Hf : -9.882651 eV  4.46751615 89.165817042421 angs^3 mag= -0.0001 
Hg : -0.291098 eV  5.074635296 130.681619361634 angs^3 mag= 0.0000 
Ho_3 : -4.557985 eV  4.982050228 123.658594231408 angs^3 mag= 0.0000 
I : -1.038852 eV  5.190180908 139.812978377513 angs^3 mag= 0.0001 
In : -2.559587 eV  4.793429266 110.138452295684 angs^3 mag= 0.0000 
Ir : -8.856631 eV  3.876653522 58.2600646626841 angs^3 mag= 0.0000 
K_sv : -1.097411 eV  6.658419024 295.197970518564 angs^3 mag= 0.0000 
La : -4.924790 eV  5.276073282 146.86978433295 angs^3 mag= 0.0000 
Li : -1.900992 eV  4.332444798 81.3203264759933 angs^3 mag= 0.0001 
Mg : -1.529483 eV  4.51404941 91.9811691405939 angs^3 mag= 0.0000 
Mn : -8.944656 eV  3.497763796 42.7928719982051 angs^3 mag= 0.0066 
Mo : -10.521705 eV  3.993424624 63.6849004945444 angs^3 mag= 0.0000 
N : -3.844654 eV  3.119664594 30.3615341244367 angs^3 mag= 0.0000 
Na : -1.308125 eV  5.28210007 147.373661642783 angs^3 mag= 0.0000 
Nb_pv : -9.772051 eV  4.233201124 75.8589292445642 angs^3 mag= 0.0000 
Ni : -5.569809 eV  3.52332927 43.7380780453748 angs^3 mag= 0.6185 
O : -2.663397 eV  3.552918374 44.849302154918 angs^3 mag= 2.0000 
Os_pv : -11.090840 eV  3.863693298 57.677699995433 angs^3 mag= 0.0000 
P : -4.518209 eV  3.876643594 58.2596170566981 angs^3 mag= 0.0000 
Pa : -9.495859 eV  4.65567846 100.913422503618 angs^3 mag= 0.0000 
Pb : -3.572123 eV  5.029214914 127.203946153257 angs^3 mag= 0.0001 
Pd : -5.182877 eV  3.953441428 61.7911000264745 angs^3 mag= 0.3499 
Pr : -6.503639 eV  4.808756514 111.198355061238 angs^3 mag= -2.4349 
Pt : -6.057015 eV  3.976534756 62.8802627797336 angs^3 mag= 0.0018 
Pu : -13.979142 eV  4.769401506 108.490485703159 angs^3 mag= -5.6905 
Rb_pv : -0.932386 eV  7.12061389 361.037498405629 angs^3 mag= 0.0000 
Re : -12.361430 eV  3.914613486 59.9883150684329 angs^3 mag= 0.0000 
Rh : -7.271058 eV  3.841536494 56.6911007779817 angs^3 mag= 0.0000 
Ru : -9.092234 eV  3.818157556 55.6623498563836 angs^3 mag= 0.0000 
S : -2.830320 eV  3.986316488 63.3454357239276 angs^3 mag= -0.0002 
Sb : -3.802729 eV  4.787957806 109.761730012311 angs^3 mag= 0.0000 
Sc_sv : -6.285691 eV  4.618470452 98.5132185691348 angs^3 mag= 0.0005 
Se : -2.760375 eV  4.33551485 81.4933243535024 angs^3 mag= -0.0002 
Si : -4.888033 eV  3.86676089 57.8151892965268 angs^3 mag= 0.0000 
Sn : -3.777456 eV  4.819250448 111.92793444796 angs^3 mag= 0.0000 
Sr_sv : -1.681291 eV  6.019830816 218.14881462943 angs^3 mag= 0.0005 
Ta : -11.613655 eV  4.20955863 74.5949948022814 angs^3 mag= -0.0001 
Tb_3 : -4.615973 eV  5.03827352 127.892543000436 angs^3 mag= -0.0001 
Tc : -10.236995 eV  3.874114038 58.1456461796316 angs^3 mag= 0.0000 
Te : -2.729100 eV  4.831784646 112.803534639982 angs^3 mag= -0.0001 
Th : -7.411726 eV  5.043779778 128.312317295768 angs^3 mag= 0.0000 
Ti : -7.706062 eV  4.090310192 68.4334969490235 angs^3 mag= -0.0004 
Tl : -2.226114 eV  4.974663724 123.109391939187 angs^3 mag= 0.0001 
Tm : 4.735297 eV  4.215090014 74.8894361043886 angs^3 mag= -0.4805 
U : -10.917960 eV  4.431231204 87.0108139138283 angs^3 mag= 1.0497 
V : -8.683267 eV  3.793970376 54.6112109316724 angs^3 mag= -0.0001 
W : -12.526042 eV  4.024313548 65.1741584603164 angs^3 mag= 0.0000 
Y_sv : -6.433975 eV  5.06149387 129.66899522954 angs^3 mag= -0.0007 
Yb : -1.657723 eV  5.29502957 148.458534553377 angs^3 mag= 0.0000 
Zn : -1.244320 eV  3.935959362 60.9750011721085 angs^3 mag= 0.0000 
Zr : -8.437432 eV  4.531474722 93.0504944268763 angs^3 mag= -0.0001 
